<?xml version="1.0" encoding="UTF-8"?>
<!-- Generated by org.testng.reporters.JUnitXMLReporter -->
<testsuite ignored="0" hostname="DESKTOP-UF371UU" failures="0" tests="4" name="Default test" time="0.052" errors="0" timestamp="2022-09-21T10:02:30 ICT">
  <testcase classname="apiTesting.FreeMind" name="aa" time="0.006"/>
  <testcase classname="apiTesting.FreeMind" name="pub" time="0.002"/>
  <testcase classname="apiTesting.FreeMind" name="pub1" time="0.001"/>
  <testcase classname="apiTesting.FreeMind" name="abc" time="0.001"/>
</testsuite> <!-- Default test -->
